2019-12-23 01:10:54 Notice: Deprecated (16384): Plugin::load() is deprecated. Use Application::addPlugin() instead. This method will be removed in 4.0.0. - C:\UniServerZ\www\application_uni\config\bootstrap.php, line: 221
 You can disable deprecation warnings by setting `Error.errorLevel` to `E_ALL & ~E_USER_DEPRECATED` in your config/app.php. in [C:\UniServerZ\www\application_uni\vendor\cakephp\cakephp\src\Core\functions.php, line 311]
Trace:
Cake\Error\BaseErrorHandler::handleError() - CORE\src\Error\BaseErrorHandler.php, line 158
deprecationWarning - CORE\src\Core\functions.php, line 311
Cake\Core\Plugin::load() - CORE\src\Core\Plugin.php, line 117
require_once - ROOT\config\bootstrap.php, line 221
Cake\Http\BaseApplication::bootstrap() - CORE\src\Http\BaseApplication.php, line 151
App\Application::bootstrap() - APP/Application.php, line 40
Cake\Console\CommandRunner::bootstrap() - CORE\src\Console\CommandRunner.php, line 189
Cake\Console\CommandRunner::run() - CORE\src\Console\CommandRunner.php, line 132
[main] - ROOT\bin\cake.php, line 12



2019-12-23 01:10:54 Notice: Deprecated (16384): Plugin::bootstrap() is deprecated. This method will be removed in 4.0.0. - C:\UniServerZ\www\application_uni\vendor\cakephp\cakephp\src\Core\Plugin.php, line: 172
 You can disable deprecation warnings by setting `Error.errorLevel` to `E_ALL & ~E_USER_DEPRECATED` in your config/app.php. in [C:\UniServerZ\www\application_uni\vendor\cakephp\cakephp\src\Core\functions.php, line 311]
Trace:
Cake\Error\BaseErrorHandler::handleError() - CORE\src\Error\BaseErrorHandler.php, line 158
deprecationWarning - CORE\src\Core\functions.php, line 311
Cake\Core\Plugin::bootstrap() - CORE\src\Core\Plugin.php, line 285
Cake\Core\Plugin::load() - CORE\src\Core\Plugin.php, line 172
require_once - ROOT\config\bootstrap.php, line 221
Cake\Http\BaseApplication::bootstrap() - CORE\src\Http\BaseApplication.php, line 151
App\Application::bootstrap() - APP/Application.php, line 40
Cake\Console\CommandRunner::bootstrap() - CORE\src\Console\CommandRunner.php, line 189
Cake\Console\CommandRunner::run() - CORE\src\Console\CommandRunner.php, line 132
[main] - ROOT\bin\cake.php, line 12



2019-12-23 01:10:54 Notice: Deprecated (16384): Plugin::load() is deprecated. Use Application::addPlugin() instead. This method will be removed in 4.0.0. - C:\UniServerZ\www\application_uni\config\bootstrap.php, line: 224
 You can disable deprecation warnings by setting `Error.errorLevel` to `E_ALL & ~E_USER_DEPRECATED` in your config/app.php. in [C:\UniServerZ\www\application_uni\vendor\cakephp\cakephp\src\Core\functions.php, line 311]
Trace:
Cake\Error\BaseErrorHandler::handleError() - CORE\src\Error\BaseErrorHandler.php, line 158
deprecationWarning - CORE\src\Core\functions.php, line 311
Cake\Core\Plugin::load() - CORE\src\Core\Plugin.php, line 117
require_once - ROOT\config\bootstrap.php, line 224
Cake\Http\BaseApplication::bootstrap() - CORE\src\Http\BaseApplication.php, line 151
App\Application::bootstrap() - APP/Application.php, line 40
Cake\Console\CommandRunner::bootstrap() - CORE\src\Console\CommandRunner.php, line 189
Cake\Console\CommandRunner::run() - CORE\src\Console\CommandRunner.php, line 132
[main] - ROOT\bin\cake.php, line 12



2019-12-23 01:10:54 Notice: Deprecated (16384): Plugin::load() is deprecated. Use Application::addPlugin() instead. This method will be removed in 4.0.0. - C:\UniServerZ\www\application_uni\config\bootstrap.php, line: 226
 You can disable deprecation warnings by setting `Error.errorLevel` to `E_ALL & ~E_USER_DEPRECATED` in your config/app.php. in [C:\UniServerZ\www\application_uni\vendor\cakephp\cakephp\src\Core\functions.php, line 311]
Trace:
Cake\Error\BaseErrorHandler::handleError() - CORE\src\Error\BaseErrorHandler.php, line 158
deprecationWarning - CORE\src\Core\functions.php, line 311
Cake\Core\Plugin::load() - CORE\src\Core\Plugin.php, line 117
require_once - ROOT\config\bootstrap.php, line 226
Cake\Http\BaseApplication::bootstrap() - CORE\src\Http\BaseApplication.php, line 151
App\Application::bootstrap() - APP/Application.php, line 40
Cake\Console\CommandRunner::bootstrap() - CORE\src\Console\CommandRunner.php, line 189
Cake\Console\CommandRunner::run() - CORE\src\Console\CommandRunner.php, line 132
[main] - ROOT\bin\cake.php, line 12



2019-12-23 01:11:46 Notice: Deprecated (16384): Plugin::load() is deprecated. Use Application::addPlugin() instead. This method will be removed in 4.0.0. - C:\UniServerZ\www\application_uni\config\bootstrap.php, line: 221
 You can disable deprecation warnings by setting `Error.errorLevel` to `E_ALL & ~E_USER_DEPRECATED` in your config/app.php. in [C:\UniServerZ\www\application_uni\vendor\cakephp\cakephp\src\Core\functions.php, line 311]
Trace:
Cake\Error\BaseErrorHandler::handleError() - CORE\src\Error\BaseErrorHandler.php, line 158
deprecationWarning - CORE\src\Core\functions.php, line 311
Cake\Core\Plugin::load() - CORE\src\Core\Plugin.php, line 117
require_once - ROOT\config\bootstrap.php, line 221
Cake\Http\BaseApplication::bootstrap() - CORE\src\Http\BaseApplication.php, line 151
App\Application::bootstrap() - APP/Application.php, line 40
Cake\Console\CommandRunner::bootstrap() - CORE\src\Console\CommandRunner.php, line 189
Cake\Console\CommandRunner::run() - CORE\src\Console\CommandRunner.php, line 132
[main] - ROOT\bin\cake.php, line 12



2019-12-23 01:11:46 Notice: Deprecated (16384): Plugin::bootstrap() is deprecated. This method will be removed in 4.0.0. - C:\UniServerZ\www\application_uni\vendor\cakephp\cakephp\src\Core\Plugin.php, line: 172
 You can disable deprecation warnings by setting `Error.errorLevel` to `E_ALL & ~E_USER_DEPRECATED` in your config/app.php. in [C:\UniServerZ\www\application_uni\vendor\cakephp\cakephp\src\Core\functions.php, line 311]
Trace:
Cake\Error\BaseErrorHandler::handleError() - CORE\src\Error\BaseErrorHandler.php, line 158
deprecationWarning - CORE\src\Core\functions.php, line 311
Cake\Core\Plugin::bootstrap() - CORE\src\Core\Plugin.php, line 285
Cake\Core\Plugin::load() - CORE\src\Core\Plugin.php, line 172
require_once - ROOT\config\bootstrap.php, line 221
Cake\Http\BaseApplication::bootstrap() - CORE\src\Http\BaseApplication.php, line 151
App\Application::bootstrap() - APP/Application.php, line 40
Cake\Console\CommandRunner::bootstrap() - CORE\src\Console\CommandRunner.php, line 189
Cake\Console\CommandRunner::run() - CORE\src\Console\CommandRunner.php, line 132
[main] - ROOT\bin\cake.php, line 12



2019-12-23 01:11:46 Notice: Deprecated (16384): Plugin::load() is deprecated. Use Application::addPlugin() instead. This method will be removed in 4.0.0. - C:\UniServerZ\www\application_uni\config\bootstrap.php, line: 224
 You can disable deprecation warnings by setting `Error.errorLevel` to `E_ALL & ~E_USER_DEPRECATED` in your config/app.php. in [C:\UniServerZ\www\application_uni\vendor\cakephp\cakephp\src\Core\functions.php, line 311]
Trace:
Cake\Error\BaseErrorHandler::handleError() - CORE\src\Error\BaseErrorHandler.php, line 158
deprecationWarning - CORE\src\Core\functions.php, line 311
Cake\Core\Plugin::load() - CORE\src\Core\Plugin.php, line 117
require_once - ROOT\config\bootstrap.php, line 224
Cake\Http\BaseApplication::bootstrap() - CORE\src\Http\BaseApplication.php, line 151
App\Application::bootstrap() - APP/Application.php, line 40
Cake\Console\CommandRunner::bootstrap() - CORE\src\Console\CommandRunner.php, line 189
Cake\Console\CommandRunner::run() - CORE\src\Console\CommandRunner.php, line 132
[main] - ROOT\bin\cake.php, line 12



2019-12-23 01:11:46 Notice: Deprecated (16384): Plugin::load() is deprecated. Use Application::addPlugin() instead. This method will be removed in 4.0.0. - C:\UniServerZ\www\application_uni\config\bootstrap.php, line: 226
 You can disable deprecation warnings by setting `Error.errorLevel` to `E_ALL & ~E_USER_DEPRECATED` in your config/app.php. in [C:\UniServerZ\www\application_uni\vendor\cakephp\cakephp\src\Core\functions.php, line 311]
Trace:
Cake\Error\BaseErrorHandler::handleError() - CORE\src\Error\BaseErrorHandler.php, line 158
deprecationWarning - CORE\src\Core\functions.php, line 311
Cake\Core\Plugin::load() - CORE\src\Core\Plugin.php, line 117
require_once - ROOT\config\bootstrap.php, line 226
Cake\Http\BaseApplication::bootstrap() - CORE\src\Http\BaseApplication.php, line 151
App\Application::bootstrap() - APP/Application.php, line 40
Cake\Console\CommandRunner::bootstrap() - CORE\src\Console\CommandRunner.php, line 189
Cake\Console\CommandRunner::run() - CORE\src\Console\CommandRunner.php, line 132
[main] - ROOT\bin\cake.php, line 12



2019-12-23 01:18:18 Notice: Deprecated (16384): Plugin::load() is deprecated. Use Application::addPlugin() instead. This method will be removed in 4.0.0. - C:\UniServerZ\www\application_uni\config\bootstrap.php, line: 221
 You can disable deprecation warnings by setting `Error.errorLevel` to `E_ALL & ~E_USER_DEPRECATED` in your config/app.php. in [C:\UniServerZ\www\application_uni\vendor\cakephp\cakephp\src\Core\functions.php, line 311]
Trace:
Cake\Error\BaseErrorHandler::handleError() - CORE\src\Error\BaseErrorHandler.php, line 158
deprecationWarning - CORE\src\Core\functions.php, line 311
Cake\Core\Plugin::load() - CORE\src\Core\Plugin.php, line 117
require_once - ROOT\config\bootstrap.php, line 221
Cake\Http\BaseApplication::bootstrap() - CORE\src\Http\BaseApplication.php, line 151
App\Application::bootstrap() - APP/Application.php, line 40
Cake\Console\CommandRunner::bootstrap() - CORE\src\Console\CommandRunner.php, line 189
Cake\Console\CommandRunner::run() - CORE\src\Console\CommandRunner.php, line 132
[main] - ROOT\bin\cake.php, line 12



2019-12-23 01:18:18 Notice: Deprecated (16384): Plugin::bootstrap() is deprecated. This method will be removed in 4.0.0. - C:\UniServerZ\www\application_uni\vendor\cakephp\cakephp\src\Core\Plugin.php, line: 172
 You can disable deprecation warnings by setting `Error.errorLevel` to `E_ALL & ~E_USER_DEPRECATED` in your config/app.php. in [C:\UniServerZ\www\application_uni\vendor\cakephp\cakephp\src\Core\functions.php, line 311]
Trace:
Cake\Error\BaseErrorHandler::handleError() - CORE\src\Error\BaseErrorHandler.php, line 158
deprecationWarning - CORE\src\Core\functions.php, line 311
Cake\Core\Plugin::bootstrap() - CORE\src\Core\Plugin.php, line 285
Cake\Core\Plugin::load() - CORE\src\Core\Plugin.php, line 172
require_once - ROOT\config\bootstrap.php, line 221
Cake\Http\BaseApplication::bootstrap() - CORE\src\Http\BaseApplication.php, line 151
App\Application::bootstrap() - APP/Application.php, line 40
Cake\Console\CommandRunner::bootstrap() - CORE\src\Console\CommandRunner.php, line 189
Cake\Console\CommandRunner::run() - CORE\src\Console\CommandRunner.php, line 132
[main] - ROOT\bin\cake.php, line 12



2019-12-23 01:18:18 Notice: Deprecated (16384): Plugin::load() is deprecated. Use Application::addPlugin() instead. This method will be removed in 4.0.0. - C:\UniServerZ\www\application_uni\config\bootstrap.php, line: 224
 You can disable deprecation warnings by setting `Error.errorLevel` to `E_ALL & ~E_USER_DEPRECATED` in your config/app.php. in [C:\UniServerZ\www\application_uni\vendor\cakephp\cakephp\src\Core\functions.php, line 311]
Trace:
Cake\Error\BaseErrorHandler::handleError() - CORE\src\Error\BaseErrorHandler.php, line 158
deprecationWarning - CORE\src\Core\functions.php, line 311
Cake\Core\Plugin::load() - CORE\src\Core\Plugin.php, line 117
require_once - ROOT\config\bootstrap.php, line 224
Cake\Http\BaseApplication::bootstrap() - CORE\src\Http\BaseApplication.php, line 151
App\Application::bootstrap() - APP/Application.php, line 40
Cake\Console\CommandRunner::bootstrap() - CORE\src\Console\CommandRunner.php, line 189
Cake\Console\CommandRunner::run() - CORE\src\Console\CommandRunner.php, line 132
[main] - ROOT\bin\cake.php, line 12



2019-12-23 01:18:18 Notice: Deprecated (16384): Plugin::load() is deprecated. Use Application::addPlugin() instead. This method will be removed in 4.0.0. - C:\UniServerZ\www\application_uni\config\bootstrap.php, line: 226
 You can disable deprecation warnings by setting `Error.errorLevel` to `E_ALL & ~E_USER_DEPRECATED` in your config/app.php. in [C:\UniServerZ\www\application_uni\vendor\cakephp\cakephp\src\Core\functions.php, line 311]
Trace:
Cake\Error\BaseErrorHandler::handleError() - CORE\src\Error\BaseErrorHandler.php, line 158
deprecationWarning - CORE\src\Core\functions.php, line 311
Cake\Core\Plugin::load() - CORE\src\Core\Plugin.php, line 117
require_once - ROOT\config\bootstrap.php, line 226
Cake\Http\BaseApplication::bootstrap() - CORE\src\Http\BaseApplication.php, line 151
App\Application::bootstrap() - APP/Application.php, line 40
Cake\Console\CommandRunner::bootstrap() - CORE\src\Console\CommandRunner.php, line 189
Cake\Console\CommandRunner::run() - CORE\src\Console\CommandRunner.php, line 132
[main] - ROOT\bin\cake.php, line 12



2019-12-23 01:18:18 Notice: Deprecated (16384): Plugin::load() is deprecated. Use Application::addPlugin() instead. This method will be removed in 4.0.0. - C:\UniServerZ\www\application_uni\config\bootstrap.php, line: 228
 You can disable deprecation warnings by setting `Error.errorLevel` to `E_ALL & ~E_USER_DEPRECATED` in your config/app.php. in [C:\UniServerZ\www\application_uni\vendor\cakephp\cakephp\src\Core\functions.php, line 311]
Trace:
Cake\Error\BaseErrorHandler::handleError() - CORE\src\Error\BaseErrorHandler.php, line 158
deprecationWarning - CORE\src\Core\functions.php, line 311
Cake\Core\Plugin::load() - CORE\src\Core\Plugin.php, line 117
require_once - ROOT\config\bootstrap.php, line 228
Cake\Http\BaseApplication::bootstrap() - CORE\src\Http\BaseApplication.php, line 151
App\Application::bootstrap() - APP/Application.php, line 40
Cake\Console\CommandRunner::bootstrap() - CORE\src\Console\CommandRunner.php, line 189
Cake\Console\CommandRunner::run() - CORE\src\Console\CommandRunner.php, line 132
[main] - ROOT\bin\cake.php, line 12



2019-12-23 01:18:49 Notice: Deprecated (16384): Plugin::load() is deprecated. Use Application::addPlugin() instead. This method will be removed in 4.0.0. - C:\UniServerZ\www\application_uni\config\bootstrap.php, line: 221
 You can disable deprecation warnings by setting `Error.errorLevel` to `E_ALL & ~E_USER_DEPRECATED` in your config/app.php. in [C:\UniServerZ\www\application_uni\vendor\cakephp\cakephp\src\Core\functions.php, line 311]
Trace:
Cake\Error\BaseErrorHandler::handleError() - CORE\src\Error\BaseErrorHandler.php, line 158
deprecationWarning - CORE\src\Core\functions.php, line 311
Cake\Core\Plugin::load() - CORE\src\Core\Plugin.php, line 117
require_once - ROOT\config\bootstrap.php, line 221
Cake\Http\BaseApplication::bootstrap() - CORE\src\Http\BaseApplication.php, line 151
App\Application::bootstrap() - APP/Application.php, line 42
Cake\Console\CommandRunner::bootstrap() - CORE\src\Console\CommandRunner.php, line 189
Cake\Console\CommandRunner::run() - CORE\src\Console\CommandRunner.php, line 132
[main] - ROOT\bin\cake.php, line 12



2019-12-23 01:18:49 Notice: Deprecated (16384): Plugin::bootstrap() is deprecated. This method will be removed in 4.0.0. - C:\UniServerZ\www\application_uni\vendor\cakephp\cakephp\src\Core\Plugin.php, line: 172
 You can disable deprecation warnings by setting `Error.errorLevel` to `E_ALL & ~E_USER_DEPRECATED` in your config/app.php. in [C:\UniServerZ\www\application_uni\vendor\cakephp\cakephp\src\Core\functions.php, line 311]
Trace:
Cake\Error\BaseErrorHandler::handleError() - CORE\src\Error\BaseErrorHandler.php, line 158
deprecationWarning - CORE\src\Core\functions.php, line 311
Cake\Core\Plugin::bootstrap() - CORE\src\Core\Plugin.php, line 285
Cake\Core\Plugin::load() - CORE\src\Core\Plugin.php, line 172
require_once - ROOT\config\bootstrap.php, line 221
Cake\Http\BaseApplication::bootstrap() - CORE\src\Http\BaseApplication.php, line 151
App\Application::bootstrap() - APP/Application.php, line 42
Cake\Console\CommandRunner::bootstrap() - CORE\src\Console\CommandRunner.php, line 189
Cake\Console\CommandRunner::run() - CORE\src\Console\CommandRunner.php, line 132
[main] - ROOT\bin\cake.php, line 12



2019-12-23 01:18:49 Notice: Deprecated (16384): Plugin::load() is deprecated. Use Application::addPlugin() instead. This method will be removed in 4.0.0. - C:\UniServerZ\www\application_uni\config\bootstrap.php, line: 224
 You can disable deprecation warnings by setting `Error.errorLevel` to `E_ALL & ~E_USER_DEPRECATED` in your config/app.php. in [C:\UniServerZ\www\application_uni\vendor\cakephp\cakephp\src\Core\functions.php, line 311]
Trace:
Cake\Error\BaseErrorHandler::handleError() - CORE\src\Error\BaseErrorHandler.php, line 158
deprecationWarning - CORE\src\Core\functions.php, line 311
Cake\Core\Plugin::load() - CORE\src\Core\Plugin.php, line 117
require_once - ROOT\config\bootstrap.php, line 224
Cake\Http\BaseApplication::bootstrap() - CORE\src\Http\BaseApplication.php, line 151
App\Application::bootstrap() - APP/Application.php, line 42
Cake\Console\CommandRunner::bootstrap() - CORE\src\Console\CommandRunner.php, line 189
Cake\Console\CommandRunner::run() - CORE\src\Console\CommandRunner.php, line 132
[main] - ROOT\bin\cake.php, line 12



2019-12-23 01:18:49 Notice: Deprecated (16384): Plugin::load() is deprecated. Use Application::addPlugin() instead. This method will be removed in 4.0.0. - C:\UniServerZ\www\application_uni\config\bootstrap.php, line: 226
 You can disable deprecation warnings by setting `Error.errorLevel` to `E_ALL & ~E_USER_DEPRECATED` in your config/app.php. in [C:\UniServerZ\www\application_uni\vendor\cakephp\cakephp\src\Core\functions.php, line 311]
Trace:
Cake\Error\BaseErrorHandler::handleError() - CORE\src\Error\BaseErrorHandler.php, line 158
deprecationWarning - CORE\src\Core\functions.php, line 311
Cake\Core\Plugin::load() - CORE\src\Core\Plugin.php, line 117
require_once - ROOT\config\bootstrap.php, line 226
Cake\Http\BaseApplication::bootstrap() - CORE\src\Http\BaseApplication.php, line 151
App\Application::bootstrap() - APP/Application.php, line 42
Cake\Console\CommandRunner::bootstrap() - CORE\src\Console\CommandRunner.php, line 189
Cake\Console\CommandRunner::run() - CORE\src\Console\CommandRunner.php, line 132
[main] - ROOT\bin\cake.php, line 12



2019-12-23 01:18:49 Notice: Deprecated (16384): Plugin::load() is deprecated. Use Application::addPlugin() instead. This method will be removed in 4.0.0. - C:\UniServerZ\www\application_uni\config\bootstrap.php, line: 228
 You can disable deprecation warnings by setting `Error.errorLevel` to `E_ALL & ~E_USER_DEPRECATED` in your config/app.php. in [C:\UniServerZ\www\application_uni\vendor\cakephp\cakephp\src\Core\functions.php, line 311]
Trace:
Cake\Error\BaseErrorHandler::handleError() - CORE\src\Error\BaseErrorHandler.php, line 158
deprecationWarning - CORE\src\Core\functions.php, line 311
Cake\Core\Plugin::load() - CORE\src\Core\Plugin.php, line 117
require_once - ROOT\config\bootstrap.php, line 228
Cake\Http\BaseApplication::bootstrap() - CORE\src\Http\BaseApplication.php, line 151
App\Application::bootstrap() - APP/Application.php, line 42
Cake\Console\CommandRunner::bootstrap() - CORE\src\Console\CommandRunner.php, line 189
Cake\Console\CommandRunner::run() - CORE\src\Console\CommandRunner.php, line 132
[main] - ROOT\bin\cake.php, line 12



2019-12-23 01:19:04 Notice: Deprecated (16384): Plugin::load() is deprecated. Use Application::addPlugin() instead. This method will be removed in 4.0.0. - C:\UniServerZ\www\application_uni\config\bootstrap.php, line: 221
 You can disable deprecation warnings by setting `Error.errorLevel` to `E_ALL & ~E_USER_DEPRECATED` in your config/app.php. in [C:\UniServerZ\www\application_uni\vendor\cakephp\cakephp\src\Core\functions.php, line 311]
Trace:
Cake\Error\BaseErrorHandler::handleError() - CORE\src\Error\BaseErrorHandler.php, line 158
deprecationWarning - CORE\src\Core\functions.php, line 311
Cake\Core\Plugin::load() - CORE\src\Core\Plugin.php, line 117
require_once - ROOT\config\bootstrap.php, line 221
Cake\Http\BaseApplication::bootstrap() - CORE\src\Http\BaseApplication.php, line 151
App\Application::bootstrap() - APP/Application.php, line 44
Cake\Console\CommandRunner::bootstrap() - CORE\src\Console\CommandRunner.php, line 189
Cake\Console\CommandRunner::run() - CORE\src\Console\CommandRunner.php, line 132
[main] - ROOT\bin\cake.php, line 12



2019-12-23 01:19:04 Notice: Deprecated (16384): Plugin::bootstrap() is deprecated. This method will be removed in 4.0.0. - C:\UniServerZ\www\application_uni\vendor\cakephp\cakephp\src\Core\Plugin.php, line: 172
 You can disable deprecation warnings by setting `Error.errorLevel` to `E_ALL & ~E_USER_DEPRECATED` in your config/app.php. in [C:\UniServerZ\www\application_uni\vendor\cakephp\cakephp\src\Core\functions.php, line 311]
Trace:
Cake\Error\BaseErrorHandler::handleError() - CORE\src\Error\BaseErrorHandler.php, line 158
deprecationWarning - CORE\src\Core\functions.php, line 311
Cake\Core\Plugin::bootstrap() - CORE\src\Core\Plugin.php, line 285
Cake\Core\Plugin::load() - CORE\src\Core\Plugin.php, line 172
require_once - ROOT\config\bootstrap.php, line 221
Cake\Http\BaseApplication::bootstrap() - CORE\src\Http\BaseApplication.php, line 151
App\Application::bootstrap() - APP/Application.php, line 44
Cake\Console\CommandRunner::bootstrap() - CORE\src\Console\CommandRunner.php, line 189
Cake\Console\CommandRunner::run() - CORE\src\Console\CommandRunner.php, line 132
[main] - ROOT\bin\cake.php, line 12



2019-12-23 01:19:04 Notice: Deprecated (16384): Plugin::load() is deprecated. Use Application::addPlugin() instead. This method will be removed in 4.0.0. - C:\UniServerZ\www\application_uni\config\bootstrap.php, line: 224
 You can disable deprecation warnings by setting `Error.errorLevel` to `E_ALL & ~E_USER_DEPRECATED` in your config/app.php. in [C:\UniServerZ\www\application_uni\vendor\cakephp\cakephp\src\Core\functions.php, line 311]
Trace:
Cake\Error\BaseErrorHandler::handleError() - CORE\src\Error\BaseErrorHandler.php, line 158
deprecationWarning - CORE\src\Core\functions.php, line 311
Cake\Core\Plugin::load() - CORE\src\Core\Plugin.php, line 117
require_once - ROOT\config\bootstrap.php, line 224
Cake\Http\BaseApplication::bootstrap() - CORE\src\Http\BaseApplication.php, line 151
App\Application::bootstrap() - APP/Application.php, line 44
Cake\Console\CommandRunner::bootstrap() - CORE\src\Console\CommandRunner.php, line 189
Cake\Console\CommandRunner::run() - CORE\src\Console\CommandRunner.php, line 132
[main] - ROOT\bin\cake.php, line 12



2019-12-23 01:19:04 Notice: Deprecated (16384): Plugin::load() is deprecated. Use Application::addPlugin() instead. This method will be removed in 4.0.0. - C:\UniServerZ\www\application_uni\config\bootstrap.php, line: 226
 You can disable deprecation warnings by setting `Error.errorLevel` to `E_ALL & ~E_USER_DEPRECATED` in your config/app.php. in [C:\UniServerZ\www\application_uni\vendor\cakephp\cakephp\src\Core\functions.php, line 311]
Trace:
Cake\Error\BaseErrorHandler::handleError() - CORE\src\Error\BaseErrorHandler.php, line 158
deprecationWarning - CORE\src\Core\functions.php, line 311
Cake\Core\Plugin::load() - CORE\src\Core\Plugin.php, line 117
require_once - ROOT\config\bootstrap.php, line 226
Cake\Http\BaseApplication::bootstrap() - CORE\src\Http\BaseApplication.php, line 151
App\Application::bootstrap() - APP/Application.php, line 44
Cake\Console\CommandRunner::bootstrap() - CORE\src\Console\CommandRunner.php, line 189
Cake\Console\CommandRunner::run() - CORE\src\Console\CommandRunner.php, line 132
[main] - ROOT\bin\cake.php, line 12



2019-12-23 01:19:04 Notice: Deprecated (16384): Plugin::load() is deprecated. Use Application::addPlugin() instead. This method will be removed in 4.0.0. - C:\UniServerZ\www\application_uni\config\bootstrap.php, line: 228
 You can disable deprecation warnings by setting `Error.errorLevel` to `E_ALL & ~E_USER_DEPRECATED` in your config/app.php. in [C:\UniServerZ\www\application_uni\vendor\cakephp\cakephp\src\Core\functions.php, line 311]
Trace:
Cake\Error\BaseErrorHandler::handleError() - CORE\src\Error\BaseErrorHandler.php, line 158
deprecationWarning - CORE\src\Core\functions.php, line 311
Cake\Core\Plugin::load() - CORE\src\Core\Plugin.php, line 117
require_once - ROOT\config\bootstrap.php, line 228
Cake\Http\BaseApplication::bootstrap() - CORE\src\Http\BaseApplication.php, line 151
App\Application::bootstrap() - APP/Application.php, line 44
Cake\Console\CommandRunner::bootstrap() - CORE\src\Console\CommandRunner.php, line 189
Cake\Console\CommandRunner::run() - CORE\src\Console\CommandRunner.php, line 132
[main] - ROOT\bin\cake.php, line 12



2019-12-23 01:19:17 Notice: Deprecated (16384): Plugin::load() is deprecated. Use Application::addPlugin() instead. This method will be removed in 4.0.0. - C:\UniServerZ\www\application_uni\config\bootstrap.php, line: 221
 You can disable deprecation warnings by setting `Error.errorLevel` to `E_ALL & ~E_USER_DEPRECATED` in your config/app.php. in [C:\UniServerZ\www\application_uni\vendor\cakephp\cakephp\src\Core\functions.php, line 311]
Trace:
Cake\Error\BaseErrorHandler::handleError() - CORE\src\Error\BaseErrorHandler.php, line 158
deprecationWarning - CORE\src\Core\functions.php, line 311
Cake\Core\Plugin::load() - CORE\src\Core\Plugin.php, line 117
require_once - ROOT\config\bootstrap.php, line 221
Cake\Http\BaseApplication::bootstrap() - CORE\src\Http\BaseApplication.php, line 151
App\Application::bootstrap() - APP/Application.php, line 46
Cake\Console\CommandRunner::bootstrap() - CORE\src\Console\CommandRunner.php, line 189
Cake\Console\CommandRunner::run() - CORE\src\Console\CommandRunner.php, line 132
[main] - ROOT\bin\cake.php, line 12



2019-12-23 01:19:17 Notice: Deprecated (16384): Plugin::bootstrap() is deprecated. This method will be removed in 4.0.0. - C:\UniServerZ\www\application_uni\vendor\cakephp\cakephp\src\Core\Plugin.php, line: 172
 You can disable deprecation warnings by setting `Error.errorLevel` to `E_ALL & ~E_USER_DEPRECATED` in your config/app.php. in [C:\UniServerZ\www\application_uni\vendor\cakephp\cakephp\src\Core\functions.php, line 311]
Trace:
Cake\Error\BaseErrorHandler::handleError() - CORE\src\Error\BaseErrorHandler.php, line 158
deprecationWarning - CORE\src\Core\functions.php, line 311
Cake\Core\Plugin::bootstrap() - CORE\src\Core\Plugin.php, line 285
Cake\Core\Plugin::load() - CORE\src\Core\Plugin.php, line 172
require_once - ROOT\config\bootstrap.php, line 221
Cake\Http\BaseApplication::bootstrap() - CORE\src\Http\BaseApplication.php, line 151
App\Application::bootstrap() - APP/Application.php, line 46
Cake\Console\CommandRunner::bootstrap() - CORE\src\Console\CommandRunner.php, line 189
Cake\Console\CommandRunner::run() - CORE\src\Console\CommandRunner.php, line 132
[main] - ROOT\bin\cake.php, line 12



2019-12-23 01:19:17 Notice: Deprecated (16384): Plugin::load() is deprecated. Use Application::addPlugin() instead. This method will be removed in 4.0.0. - C:\UniServerZ\www\application_uni\config\bootstrap.php, line: 224
 You can disable deprecation warnings by setting `Error.errorLevel` to `E_ALL & ~E_USER_DEPRECATED` in your config/app.php. in [C:\UniServerZ\www\application_uni\vendor\cakephp\cakephp\src\Core\functions.php, line 311]
Trace:
Cake\Error\BaseErrorHandler::handleError() - CORE\src\Error\BaseErrorHandler.php, line 158
deprecationWarning - CORE\src\Core\functions.php, line 311
Cake\Core\Plugin::load() - CORE\src\Core\Plugin.php, line 117
require_once - ROOT\config\bootstrap.php, line 224
Cake\Http\BaseApplication::bootstrap() - CORE\src\Http\BaseApplication.php, line 151
App\Application::bootstrap() - APP/Application.php, line 46
Cake\Console\CommandRunner::bootstrap() - CORE\src\Console\CommandRunner.php, line 189
Cake\Console\CommandRunner::run() - CORE\src\Console\CommandRunner.php, line 132
[main] - ROOT\bin\cake.php, line 12



2019-12-23 01:19:17 Notice: Deprecated (16384): Plugin::load() is deprecated. Use Application::addPlugin() instead. This method will be removed in 4.0.0. - C:\UniServerZ\www\application_uni\config\bootstrap.php, line: 226
 You can disable deprecation warnings by setting `Error.errorLevel` to `E_ALL & ~E_USER_DEPRECATED` in your config/app.php. in [C:\UniServerZ\www\application_uni\vendor\cakephp\cakephp\src\Core\functions.php, line 311]
Trace:
Cake\Error\BaseErrorHandler::handleError() - CORE\src\Error\BaseErrorHandler.php, line 158
deprecationWarning - CORE\src\Core\functions.php, line 311
Cake\Core\Plugin::load() - CORE\src\Core\Plugin.php, line 117
require_once - ROOT\config\bootstrap.php, line 226
Cake\Http\BaseApplication::bootstrap() - CORE\src\Http\BaseApplication.php, line 151
App\Application::bootstrap() - APP/Application.php, line 46
Cake\Console\CommandRunner::bootstrap() - CORE\src\Console\CommandRunner.php, line 189
Cake\Console\CommandRunner::run() - CORE\src\Console\CommandRunner.php, line 132
[main] - ROOT\bin\cake.php, line 12



2019-12-23 01:19:17 Notice: Deprecated (16384): Plugin::load() is deprecated. Use Application::addPlugin() instead. This method will be removed in 4.0.0. - C:\UniServerZ\www\application_uni\config\bootstrap.php, line: 228
 You can disable deprecation warnings by setting `Error.errorLevel` to `E_ALL & ~E_USER_DEPRECATED` in your config/app.php. in [C:\UniServerZ\www\application_uni\vendor\cakephp\cakephp\src\Core\functions.php, line 311]
Trace:
Cake\Error\BaseErrorHandler::handleError() - CORE\src\Error\BaseErrorHandler.php, line 158
deprecationWarning - CORE\src\Core\functions.php, line 311
Cake\Core\Plugin::load() - CORE\src\Core\Plugin.php, line 117
require_once - ROOT\config\bootstrap.php, line 228
Cake\Http\BaseApplication::bootstrap() - CORE\src\Http\BaseApplication.php, line 151
App\Application::bootstrap() - APP/Application.php, line 46
Cake\Console\CommandRunner::bootstrap() - CORE\src\Console\CommandRunner.php, line 189
Cake\Console\CommandRunner::run() - CORE\src\Console\CommandRunner.php, line 132
[main] - ROOT\bin\cake.php, line 12



